Using pre-set license
Built from '2020.3/release' branch; Version is '2020.3.27f1 (e759542391ea) revision 15161684'; Using compiler version '192528614'; Build Type 'Release'
OS: 'Windows 10  (10.0.19043) 64bit Core' Language: 'es' Physical Memory: 12152 MB
BatchMode: 1, IsHumanControllingUs: 0, StartBugReporterOnCrash: 0, Is64bit: 1, IsPro: 0

COMMAND LINE ARGUMENTS:
C:\Program Files\Unity\Hub\Editor\2020.3.27f1\Editor\Unity.exe
-adb2
-batchMode
-noUpm
-name
AssetImportWorker0
-projectPath
C:/Users/IKanet/Desktop/uni/Projecte/IA videojoc/ProjecteJoc/2dTanks
-logFile
Logs/AssetImportWorker0.log
-srvPort
65302
Successfully changed project path to: C:/Users/IKanet/Desktop/uni/Projecte/IA videojoc/ProjecteJoc/2dTanks
C:/Users/IKanet/Desktop/uni/Projecte/IA videojoc/ProjecteJoc/2dTanks
Using Asset Import Pipeline V2.
Refreshing native plugins compatible for Editor in 101.52 ms, found 3 plugins.
Preloading 0 native plugins for Editor in 0.00 ms.
Initialize engine version: 2020.3.27f1 (e759542391ea)
[Subsystems] Discovering subsystems at path C:/Program Files/Unity/Hub/Editor/2020.3.27f1/Editor/Data/Resources/UnitySubsystems
[Subsystems] Discovering subsystems at path C:/Users/IKanet/Desktop/uni/Projecte/IA videojoc/ProjecteJoc/2dTanks/Assets
GfxDevice: creating device client; threaded=0
Direct3D:
    Version:  Direct3D 11.0 [level 11.0]
    Renderer: NVIDIA GeForce 920MX (ID=0x134f)
    Vendor:   
    VRAM:     2010 MB
    Driver:   27.21.14.6192
Initialize mono
Mono path[0] = 'C:/Program Files/Unity/Hub/Editor/2020.3.27f1/Editor/Data/Managed'
Mono path[1] = 'C:/Program Files/Unity/Hub/Editor/2020.3.27f1/Editor/Data/MonoBleedingEdge/lib/mono/unityjit'
Mono config path = 'C:/Program Files/Unity/Hub/Editor/2020.3.27f1/Editor/Data/MonoBleedingEdge/etc'
Using monoOptions --debugger-agent=transport=dt_socket,embedding=1,server=y,suspend=n,address=127.0.0.1:56656
Begin MonoManager ReloadAssembly
Registering precompiled unity dll's ...
Register platform support module: C:/Program Files/Unity/Hub/Editor/2020.3.27f1/Editor/Data/PlaybackEngines/WindowsStandaloneSupport/UnityEditor.WindowsStandalone.Extensions.dll
Registered in 0.009742 seconds.
Native extension for WindowsStandalone target not found
Refreshing native plugins compatible for Editor in 90.07 ms, found 3 plugins.
Preloading 0 native plugins for Editor in 0.00 ms.
Mono: successfully reloaded assembly
- Completed reload, in  1.531 seconds
Domain Reload Profiling:
	ReloadAssembly (1531ms)
		BeginReloadAssembly (169ms)
			ExecutionOrderSort (0ms)
			DisableScriptedObjects (0ms)
			BackupInstance (0ms)
			ReleaseScriptingObjects (0ms)
			CreateAndSetChildDomain (1ms)
		EndReloadAssembly (1197ms)
			LoadAssemblies (168ms)
			RebuildTransferFunctionScriptingTraits (1ms)
			SetupTypeCache (488ms)
			ReleaseScriptCaches (0ms)
			RebuildScriptCaches (55ms)
			SetupLoadedEditorAssemblies (464ms)
				LogAssemblyErrors (0ms)
				InitializePlatformSupportModulesInManaged (7ms)
				SetLoadedEditorAssemblies (0ms)
				RefreshPlugins (90ms)
				BeforeProcessingInitializeOnLoad (23ms)
				ProcessInitializeOnLoadAttributes (266ms)
				ProcessInitializeOnLoadMethodAttributes (76ms)
				AfterProcessingInitializeOnLoad (0ms)
				EditorAssembliesLoaded (0ms)
			ExecutionOrderSort2 (0ms)
			AwakeInstancesAfterBackupRestoration (0ms)
Platform modules already initialized, skipping
Registering precompiled user dll's ...
Registered in 0.012908 seconds.
Begin MonoManager ReloadAssembly
Native extension for WindowsStandalone target not found
Refreshing native plugins compatible for Editor in 69.32 ms, found 3 plugins.
Preloading 0 native plugins for Editor in 0.00 ms.
Mono: successfully reloaded assembly
- Completed reload, in  2.006 seconds
Domain Reload Profiling:
	ReloadAssembly (2008ms)
		BeginReloadAssembly (309ms)
			ExecutionOrderSort (0ms)
			DisableScriptedObjects (10ms)
			BackupInstance (0ms)
			ReleaseScriptingObjects (0ms)
			CreateAndSetChildDomain (25ms)
		EndReloadAssembly (1602ms)
			LoadAssemblies (152ms)
			RebuildTransferFunctionScriptingTraits (0ms)
			SetupTypeCache (495ms)
			ReleaseScriptCaches (1ms)
			RebuildScriptCaches (170ms)
			SetupLoadedEditorAssemblies (566ms)
				LogAssemblyErrors (0ms)
				InitializePlatformSupportModulesInManaged (6ms)
				SetLoadedEditorAssemblies (0ms)
				RefreshPlugins (69ms)
				BeforeProcessingInitializeOnLoad (132ms)
				ProcessInitializeOnLoadAttributes (320ms)
				ProcessInitializeOnLoadMethodAttributes (28ms)
				AfterProcessingInitializeOnLoad (10ms)
				EditorAssembliesLoaded (0ms)
			ExecutionOrderSort2 (0ms)
			AwakeInstancesAfterBackupRestoration (10ms)
Platform modules already initialized, skipping
========================================================================
Worker process is ready to serve import requests
Launched and connected shader compiler UnityShaderCompiler.exe after 0.14 seconds
Refreshing native plugins compatible for Editor in 0.79 ms, found 3 plugins.
Preloading 0 native plugins for Editor in 0.00 ms.
Unloading 2197 Unused Serialized files (Serialized files now loaded: 0)
System memory in use before: 96.0 MB.
System memory in use after: 95.9 MB.

Unloading 34 unused Assets to reduce memory usage. Loaded Objects now: 2624.
Total: 5.340800 ms (FindLiveObjects: 0.212600 ms CreateObjectMapping: 0.124000 ms MarkObjects: 4.727200 ms  DeleteObjects: 0.274700 ms)

AssetImportParameters requested are different than current active one (requested -> active):
  custom:framework-win-MediaFoundation: 216162199b28c13a410421893ffa2e32 -> 
  custom:video-decoder-ogg-theora: a1e56fd34408186e4bbccfd4996cb3dc -> 
  custom:container-muxer-webm: aa71ff27fc2769a1b78a27578f13a17b -> 
  custom:container-demuxer-webm: 4f35f7cbe854078d1ac9338744f61a02 -> 
  custom:container-demuxer-ogg: 62fdf1f143b41e24485cea50d1cbac27 -> 
  custom:video-encoder-webm-vp8: eb34c28f22e8b96e1ab97ce403110664 -> 
  custom:video-codec-MediaFoundation-h265: 746d11721c4dcdbdad8f713fa42b33f4 -> 
  custom:video-decoder-webm-vp8: 9c59270c3fd7afecdb556c50c9e8de78 -> 
  custom:audio-decoder-ogg-vorbis: bf7c407c2cedff20999df2af8eb42d56 -> 
  custom:audio-encoder-webm-vorbis: bf7c407c2cedff20999df2af8eb42d56 -> 
========================================================================
Received Import Request.
  path: Assets
  artifactKey: Guid(00000000000000001000000000000000) Importer(815301076,1909f56bfc062723c751e8b465ee728b)
Start importing Assets using Guid(00000000000000001000000000000000) Importer(815301076,1909f56bfc062723c751e8b465ee728b)  -> (artifact id: '42d402b061de3733987d63b9cc3b64de') in 0.017547 seconds 
  Import took 0.025407 seconds .

========================================================================
Received Import Request.
  Time since last request: 8.834535 seconds.
  path: Assets/Scripts
  artifactKey: Guid(fbb17b38f8dad12419fda39a34e69d59) Importer(815301076,1909f56bfc062723c751e8b465ee728b)
Start importing Assets/Scripts using Guid(fbb17b38f8dad12419fda39a34e69d59) Importer(815301076,1909f56bfc062723c751e8b465ee728b)  -> (artifact id: '5d3e2b569f337afbd8159570a94831a6') in 0.017557 seconds 
  Import took 0.023355 seconds .

========================================================================
Received Import Request.
  Time since last request: 7.577148 seconds.
  path: Assets/Sprites
  artifactKey: Guid(50ce3e5c008a18849b98da02b99fc614) Importer(815301076,1909f56bfc062723c751e8b465ee728b)
Start importing Assets/Sprites using Guid(50ce3e5c008a18849b98da02b99fc614) Importer(815301076,1909f56bfc062723c751e8b465ee728b)  -> (artifact id: '8fc788233415985ab7731505e1637f65') in 0.017565 seconds 
  Import took 0.023588 seconds .

========================================================================
Received Import Request.
  Time since last request: 4.634088 seconds.
  path: Assets/Prefavs
  artifactKey: Guid(c16c8598f8685f74a990d86d935899fb) Importer(815301076,1909f56bfc062723c751e8b465ee728b)
Start importing Assets/Prefavs using Guid(c16c8598f8685f74a990d86d935899fb) Importer(815301076,1909f56bfc062723c751e8b465ee728b)  -> (artifact id: 'a53a9eb0df65285564bab2d621c102e0') in 0.013240 seconds 
  Import took 0.019049 seconds .

========================================================================
Received Import Request.
  Time since last request: 771.135856 seconds.
  path: Assets/Sprites/Clone.png
  artifactKey: Guid(6bb566d65527b31458c5d912440cfa22) Importer(815301076,1909f56bfc062723c751e8b465ee728b)
Start importing Assets/Sprites/Clone.png using Guid(6bb566d65527b31458c5d912440cfa22) Importer(815301076,1909f56bfc062723c751e8b465ee728b)  -> (artifact id: '5831d0e83231f3fd0d92e5e401956428') in 0.321343 seconds 
  Import took 0.331710 seconds .

========================================================================
Received Import Request.
  Time since last request: 0.000378 seconds.
  path: Assets/Sprites/player.png
  artifactKey: Guid(166f116a32baf434cb60c89d17b1e1d0) Importer(815301076,1909f56bfc062723c751e8b465ee728b)
Start importing Assets/Sprites/player.png using Guid(166f116a32baf434cb60c89d17b1e1d0) Importer(815301076,1909f56bfc062723c751e8b465ee728b)  -> (artifact id: 'fbbd510973485c71491b908c1fc5e1ae') in 0.038256 seconds 
  Import took 0.046065 seconds .

========================================================================
Received Import Request.
  Time since last request: 0.000372 seconds.
  path: Assets/Sprites/wall.png
  artifactKey: Guid(cf0a487308943a24f90f5d0131ddf1c0) Importer(815301076,1909f56bfc062723c751e8b465ee728b)
Start importing Assets/Sprites/wall.png using Guid(cf0a487308943a24f90f5d0131ddf1c0) Importer(815301076,1909f56bfc062723c751e8b465ee728b)  -> (artifact id: '54b2302f4ee65c48b656ff5f311389d8') in 0.038949 seconds 
  Import took 0.044868 seconds .

========================================================================
Received Import Request.
  Time since last request: 0.000299 seconds.
  path: Assets/Sprites/Mutant.png
  artifactKey: Guid(995b8dbe48f2f3041afc4919410fe616) Importer(815301076,1909f56bfc062723c751e8b465ee728b)
Start importing Assets/Sprites/Mutant.png using Guid(995b8dbe48f2f3041afc4919410fe616) Importer(815301076,1909f56bfc062723c751e8b465ee728b)  -> (artifact id: '93ffe0f09782799b5da94b8c2ecf9156') in 0.034456 seconds 
  Import took 0.040859 seconds .

========================================================================
Received Import Request.
  Time since last request: 0.576334 seconds.
  path: Assets/Sprites/Tiles
  artifactKey: Guid(eec1f276c911f9140a4e4f15302eb9a6) Importer(815301076,1909f56bfc062723c751e8b465ee728b)
Start importing Assets/Sprites/Tiles using Guid(eec1f276c911f9140a4e4f15302eb9a6) Importer(815301076,1909f56bfc062723c751e8b465ee728b)  -> (artifact id: '48851a36d5f4e57be7090f72a74627d0') in 0.012095 seconds 
  Import took 0.017680 seconds .

========================================================================
Received Import Request.
  Time since last request: 0.707592 seconds.
  path: Assets/Sprites/Tiles/FloorTiles
  artifactKey: Guid(11d40a2bca3d4194bbd090c0af52ff41) Importer(815301076,1909f56bfc062723c751e8b465ee728b)
Start importing Assets/Sprites/Tiles/FloorTiles using Guid(11d40a2bca3d4194bbd090c0af52ff41) Importer(815301076,1909f56bfc062723c751e8b465ee728b)  -> (artifact id: '62cc010de1a1827f11eb7cee8fce7126') in 0.012611 seconds 
  Import took 0.018983 seconds .

========================================================================
Received Import Request.
  Time since last request: 0.052264 seconds.
  path: Assets/Sprites/Tiles/FloorTiles/Floor.prefab
  artifactKey: Guid(129c91822ce00fe428729130b2348dc6) Importer(815301076,1909f56bfc062723c751e8b465ee728b)
Start importing Assets/Sprites/Tiles/FloorTiles/Floor.prefab using Guid(129c91822ce00fe428729130b2348dc6) Importer(815301076,1909f56bfc062723c751e8b465ee728b)  -> (artifact id: '7163f7e219751ee2f95cc048c0f0bf78') in 0.056921 seconds 
  Import took 0.061317 seconds .

========================================================================
Received Import Request.
  Time since last request: 2.297837 seconds.
  path: Assets/Sprites/Floor
  artifactKey: Guid(97f97f2b34dc5414491e51e4c48f2e30) Importer(815301076,1909f56bfc062723c751e8b465ee728b)
Start importing Assets/Sprites/Floor using Guid(97f97f2b34dc5414491e51e4c48f2e30) Importer(815301076,1909f56bfc062723c751e8b465ee728b)  -> (artifact id: '430a01e1c420ce890688dc5032a959e5') in 0.065636 seconds 
  Import took 0.082561 seconds .

========================================================================
Received Import Request.
  Time since last request: 0.007357 seconds.
  path: Assets/Sprites/Floor/Texture3.png
  artifactKey: Guid(e4b0fea3e3510da4e803a34cef505dfe) Importer(815301076,1909f56bfc062723c751e8b465ee728b)
Start importing Assets/Sprites/Floor/Texture3.png using Guid(e4b0fea3e3510da4e803a34cef505dfe) Importer(815301076,1909f56bfc062723c751e8b465ee728b)  -> (artifact id: '21e155e45acc15070221bf4acaa74b60') in 0.074634 seconds 
  Import took 0.093689 seconds .

========================================================================
Received Import Request.
  Time since last request: 0.000349 seconds.
  path: Assets/Sprites/Floor/Texture2.png
  artifactKey: Guid(dda9d2ea3ccc5f2448b12d96ec9b64c3) Importer(815301076,1909f56bfc062723c751e8b465ee728b)
Start importing Assets/Sprites/Floor/Texture2.png using Guid(dda9d2ea3ccc5f2448b12d96ec9b64c3) Importer(815301076,1909f56bfc062723c751e8b465ee728b)  -> (artifact id: 'fa4a88d511455ca1766b40ac07c300b2') in 0.098138 seconds 
  Import took 0.103636 seconds .

========================================================================
Received Import Request.
  Time since last request: 0.000316 seconds.
  path: Assets/Sprites/Floor/Texture1.png
  artifactKey: Guid(edd9ca5dc76202e4aba29f80900733f2) Importer(815301076,1909f56bfc062723c751e8b465ee728b)
Start importing Assets/Sprites/Floor/Texture1.png using Guid(edd9ca5dc76202e4aba29f80900733f2) Importer(815301076,1909f56bfc062723c751e8b465ee728b)  -> (artifact id: '55bfde937a544dc1f2fe8934de2eac36') in 0.060903 seconds 
  Import took 0.068189 seconds .

========================================================================
Received Import Request.
  Time since last request: 575.341825 seconds.
  path: ProjectSettings/TagManager.asset
  artifactKey: Guid(00000000000000003000000000000000) Importer(815301076,1909f56bfc062723c751e8b465ee728b)
Start importing ProjectSettings/TagManager.asset using Guid(00000000000000003000000000000000) Importer(815301076,1909f56bfc062723c751e8b465ee728b)  -> (artifact id: '95df672b4aaba54310d34c83eef51bb8') in 0.016903 seconds 
  Import took 0.022575 seconds .

AssetImportWorkerClient::OnTransportError - code=2 error=End of file
